<?xml version="1.0" encoding="utf-8"?><testsuites name="pytest tests"><testsuite name="pytest" errors="0" failures="0" skipped="0" tests="11" time="3.765" timestamp="2026-04-03T18:17:31.179982+00:00" hostname="agent-env-14edc0c5-2587-4767-a803-d861a16d3311"><testcase classname="backend.tests.test_csv_import.TestCSVImportPreview" name="test_standard_csv_mapping" time="0.555" /><testcase classname="backend.tests.test_csv_import.TestCSVImportPreview" name="test_french_bank_csv_semicolon" time="0.112" /><testcase classname="backend.tests.test_csv_import.TestCSVImportPreview" name="test_amount_parsing_variations" time="0.147" /><testcase classname="backend.tests.test_csv_import.TestCSVImportPreview" name="test_date_parsing_variations" time="0.114" /><testcase classname="backend.tests.test_csv_import.TestCSVImportPreview" name="test_csv_requires_auth" time="0.356" /><testcase classname="backend.tests.test_csv_import.TestCSVImportPreview" name="test_empty_csv_error" time="0.136" /><testcase classname="backend.tests.test_csv_import.TestCSVImportConfirm" name="test_import_confirm_creates_expenses" time="0.806" /><testcase classname="backend.tests.test_csv_import.TestCSVImportConfirm" name="test_import_confirm_empty_rows_error" time="0.146" /><testcase classname="backend.tests.test_csv_import.TestCSVImportConfirm" name="test_import_confirm_requires_auth" time="0.090" /><testcase classname="backend.tests.test_csv_import.TestCSVImportConfirm" name="test_import_skips_zero_amount_no_description" time="0.644" /><testcase classname="backend.tests.test_csv_import.TestFullCSVImportFlow" name="test_full_import_flow" time="0.569" /></testsuite></testsuites>