<?xml version="1.0" encoding="utf-8"?><testsuites name="pytest tests"><testsuite name="pytest" errors="0" failures="0" skipped="0" tests="12" time="6.907" timestamp="2026-04-02T22:09:57.269328+00:00" hostname="agent-env-14edc0c5-2587-4767-a803-d861a16d3311"><testcase classname="backend.tests.test_edit_features.TestQuoteUpdate" name="test_create_and_update_quote" time="1.489" /><testcase classname="backend.tests.test_edit_features.TestQuoteUpdate" name="test_update_quote_not_found" time="0.200" /><testcase classname="backend.tests.test_edit_features.TestQuoteUpdate" name="test_update_quote_requires_auth" time="0.095" /><testcase classname="backend.tests.test_edit_features.TestInvoiceUpdate" name="test_create_and_update_invoice" time="1.221" /><testcase classname="backend.tests.test_edit_features.TestInvoiceUpdate" name="test_update_invoice_not_found" time="0.143" /><testcase classname="backend.tests.test_edit_features.TestInvoiceUpdate" name="test_update_invoice_requires_auth" time="0.099" /><testcase classname="backend.tests.test_edit_features.TestPDFGeneration" name="test_quote_pdf_generation" time="1.256" /><testcase classname="backend.tests.test_edit_features.TestPDFGeneration" name="test_invoice_pdf_generation" time="0.913" /><testcase classname="backend.tests.test_edit_features.TestProductDropdown" name="test_products_list_available" time="0.542" /><testcase classname="backend.tests.test_edit_features.TestSenderEmail" name="test_health_endpoint" time="0.114" /><testcase classname="backend.tests.test_edit_features.TestExistingDataVerification" name="test_existing_quote_available" time="0.589" /><testcase classname="backend.tests.test_edit_features.TestExistingDataVerification" name="test_existing_invoice_available" time="0.152" /></testsuite></testsuites>