<?xml version="1.0" encoding="utf-8"?><testsuites name="pytest tests"><testsuite name="pytest" errors="0" failures="0" skipped="0" tests="10" time="6.996" timestamp="2026-04-03T20:47:53.279926+00:00" hostname="agent-env-742614cd-767a-4d3b-8e2a-274fbb38e07d"><testcase classname="backend.tests.test_new_features_iteration7.TestTrialExpiryNotification" name="test_trial_expiry_endpoint_exists" time="0.153" /><testcase classname="backend.tests.test_new_features_iteration7.TestTrialExpiryNotification" name="test_trial_expiry_returns_zero_for_no_expiring_trials" time="0.105" /><testcase classname="backend.tests.test_new_features_iteration7.TestExpenseWithOptionalEmployee" name="test_create_expense_without_employee_id" time="0.669" /><testcase classname="backend.tests.test_new_features_iteration7.TestExpenseWithOptionalEmployee" name="test_create_expense_with_employee_id" time="0.953" /><testcase classname="backend.tests.test_new_features_iteration7.TestExpenseWithOptionalEmployee" name="test_get_expense_without_employee_shows_empty_employee_id" time="0.870" /><testcase classname="backend.tests.test_new_features_iteration7.TestFileUploadAndDownload" name="test_upload_image_file" time="0.656" /><testcase classname="backend.tests.test_new_features_iteration7.TestFileUploadAndDownload" name="test_download_uploaded_file" time="0.860" /><testcase classname="backend.tests.test_new_features_iteration7.TestFileUploadAndDownload" name="test_download_nonexistent_file_returns_404" time="0.489" /><testcase classname="backend.tests.test_new_features_iteration7.TestExpenseWithReceipt" name="test_create_expense_with_receipt_url" time="0.932" /><testcase classname="backend.tests.test_new_features_iteration7.TestExpenseWithReceipt" name="test_expense_receipt_url_is_accessible" time="1.221" /></testsuite></testsuites>