<?xml version="1.0" encoding="utf-8"?><testsuites name="pytest tests"><testsuite name="pytest" errors="0" failures="0" skipped="0" tests="12" time="3.778" timestamp="2026-04-03T21:26:30.889699+00:00" hostname="agent-env-742614cd-767a-4d3b-8e2a-274fbb38e07d"><testcase classname="backend.tests.test_multi_currency.TestExchangeRatesAPI" name="test_exchange_rates_endpoint_returns_200" time="0.374" /><testcase classname="backend.tests.test_multi_currency.TestExchangeRatesAPI" name="test_exchange_rates_structure" time="0.126" /><testcase classname="backend.tests.test_multi_currency.TestExchangeRatesAPI" name="test_exchange_rates_values" time="0.119" /><testcase classname="backend.tests.test_multi_currency.TestInvoiceMultiCurrency" name="test_create_invoice_with_usd_currency" time="0.743" /><testcase classname="backend.tests.test_multi_currency.TestInvoiceMultiCurrency" name="test_update_invoice_with_currency_change" time="0.384" /><testcase classname="backend.tests.test_multi_currency.TestQuoteMultiCurrency" name="test_create_quote_with_eur_currency" time="0.180" /><testcase classname="backend.tests.test_multi_currency.TestExpenseMultiCurrency" name="test_create_expense_with_gbp_currency" time="0.154" /><testcase classname="backend.tests.test_multi_currency.TestDashboardMultiCurrency" name="test_dashboard_stats_uses_total_cad" time="0.355" /><testcase classname="backend.tests.test_multi_currency.TestDashboardMultiCurrency" name="test_expense_analytics_uses_amount_cad" time="0.175" /><testcase classname="backend.tests.test_multi_currency.TestCleanup" name="test_cleanup_test_invoices" time="0.475" /><testcase classname="backend.tests.test_multi_currency.TestCleanup" name="test_cleanup_test_quotes" time="0.319" /><testcase classname="backend.tests.test_multi_currency.TestCleanup" name="test_cleanup_test_expenses" time="0.284" /></testsuite></testsuites>