<?xml version="1.0" encoding="utf-8"?><testsuites name="pytest tests"><testsuite name="pytest" errors="0" failures="0" skipped="0" tests="12" time="6.427" timestamp="2026-04-02T21:55:32.561836+00:00" hostname="agent-env-14edc0c5-2587-4767-a803-d861a16d3311"><testcase classname="backend.tests.test_overdue_features.TestOverdueEndpoint" name="test_get_overdue_invoices_success" time="0.655" /><testcase classname="backend.tests.test_overdue_features.TestOverdueEndpoint" name="test_overdue_invoice_fields" time="0.164" /><testcase classname="backend.tests.test_overdue_features.TestOverdueEndpoint" name="test_overdue_sorted_by_days" time="0.175" /><testcase classname="backend.tests.test_overdue_features.TestOverdueEndpoint" name="test_overdue_requires_auth" time="0.106" /><testcase classname="backend.tests.test_overdue_features.TestOverdueEndpoint" name="test_total_overdue_calculation" time="0.190" /><testcase classname="backend.tests.test_overdue_features.TestReminderEndpoint" name="test_remind_requires_auth" time="0.635" /><testcase classname="backend.tests.test_overdue_features.TestReminderEndpoint" name="test_remind_invoice_not_found" time="0.142" /><testcase classname="backend.tests.test_overdue_features.TestReminderEndpoint" name="test_remind_missing_email" time="2.153" /><testcase classname="backend.tests.test_overdue_features.TestReminderEndpoint" name="test_remind_with_valid_email" time="1.190" /><testcase classname="backend.tests.test_overdue_features.TestReminderEndpoint" name="test_remind_updates_last_reminded" time="0.206" /><testcase classname="backend.tests.test_overdue_features.TestDashboardStats" name="test_dashboard_stats_includes_pending" time="0.397" /><testcase classname="backend.tests.test_overdue_features.TestInvoiceStatusUpdate" name="test_overdue_status_auto_set" time="0.331" /></testsuite></testsuites>