<?xml version="1.0" encoding="utf-8"?><testsuites name="pytest tests"><testsuite name="pytest" errors="0" failures="0" skipped="0" tests="40" time="14.785" timestamp="2026-04-02T14:13:02.657634+00:00" hostname="agent-env-4d00d220-2452-4863-83b8-6c6ae545aa0f"><testcase classname="backend.tests.test_facturepro_api.TestHealth" name="test_health_endpoint" time="0.264" /><testcase classname="backend.tests.test_facturepro_api.TestAuth" name="test_login_success" time="0.448" /><testcase classname="backend.tests.test_facturepro_api.TestAuth" name="test_login_invalid_credentials" time="0.150" /><testcase classname="backend.tests.test_facturepro_api.TestAuth" name="test_register_new_user" time="0.467" /><testcase classname="backend.tests.test_facturepro_api.TestAuth" name="test_register_duplicate_email" time="0.187" /><testcase classname="backend.tests.test_facturepro_api.TestAuth" name="test_forgot_password" time="0.184" /><testcase classname="backend.tests.test_facturepro_api.TestAuth" name="test_reset_password_invalid_token" time="0.113" /><testcase classname="backend.tests.test_facturepro_api.TestDashboard" name="test_get_dashboard_stats" time="0.773" /><testcase classname="backend.tests.test_facturepro_api.TestClients" name="test_get_clients" time="0.166" /><testcase classname="backend.tests.test_facturepro_api.TestClients" name="test_create_client" time="0.179" /><testcase classname="backend.tests.test_facturepro_api.TestClients" name="test_update_client" time="0.567" /><testcase classname="backend.tests.test_facturepro_api.TestClients" name="test_delete_client" time="0.510" /><testcase classname="backend.tests.test_facturepro_api.TestProducts" name="test_get_products" time="0.165" /><testcase classname="backend.tests.test_facturepro_api.TestProducts" name="test_create_product" time="0.188" /><testcase classname="backend.tests.test_facturepro_api.TestProducts" name="test_update_product" time="0.410" /><testcase classname="backend.tests.test_facturepro_api.TestProducts" name="test_delete_product" time="0.565" /><testcase classname="backend.tests.test_facturepro_api.TestInvoices" name="test_get_invoices" time="0.164" /><testcase classname="backend.tests.test_facturepro_api.TestInvoices" name="test_create_invoice_qc_taxes" time="0.201" /><testcase classname="backend.tests.test_facturepro_api.TestInvoices" name="test_create_invoice_on_taxes" time="0.198" /><testcase classname="backend.tests.test_facturepro_api.TestInvoices" name="test_update_invoice_status" time="0.571" /><testcase classname="backend.tests.test_facturepro_api.TestInvoices" name="test_delete_invoice" time="0.578" /><testcase classname="backend.tests.test_facturepro_api.TestQuotes" name="test_get_quotes" time="0.156" /><testcase classname="backend.tests.test_facturepro_api.TestQuotes" name="test_create_quote" time="0.196" /><testcase classname="backend.tests.test_facturepro_api.TestQuotes" name="test_convert_quote_to_invoice" time="0.637" /><testcase classname="backend.tests.test_facturepro_api.TestQuotes" name="test_delete_quote" time="0.524" /><testcase classname="backend.tests.test_facturepro_api.TestEmployees" name="test_get_employees" time="0.173" /><testcase classname="backend.tests.test_facturepro_api.TestEmployees" name="test_create_employee" time="0.181" /><testcase classname="backend.tests.test_facturepro_api.TestEmployees" name="test_update_employee" time="0.404" /><testcase classname="backend.tests.test_facturepro_api.TestEmployees" name="test_delete_employee" time="0.528" /><testcase classname="backend.tests.test_facturepro_api.TestExpenses" name="test_get_expenses" time="0.169" /><testcase classname="backend.tests.test_facturepro_api.TestExpenses" name="test_create_expense" time="0.172" /><testcase classname="backend.tests.test_facturepro_api.TestExpenses" name="test_update_expense_status" time="0.505" /><testcase classname="backend.tests.test_facturepro_api.TestExpenses" name="test_delete_expense" time="2.566" /><testcase classname="backend.tests.test_facturepro_api.TestSettings" name="test_get_company_settings" time="0.167" /><testcase classname="backend.tests.test_facturepro_api.TestSettings" name="test_update_company_settings" time="0.361" /><testcase classname="backend.tests.test_facturepro_api.TestCSVExport" name="test_export_invoices_csv" time="0.173" /><testcase classname="backend.tests.test_facturepro_api.TestCSVExport" name="test_export_expenses_csv" time="0.184" /><testcase classname="backend.tests.test_facturepro_api.TestUnauthorizedAccess" name="test_clients_requires_auth" time="0.220" /><testcase classname="backend.tests.test_facturepro_api.TestUnauthorizedAccess" name="test_invoices_requires_auth" time="0.110" /><testcase classname="backend.tests.test_facturepro_api.TestUnauthorizedAccess" name="test_dashboard_requires_auth" time="0.122" /></testsuite></testsuites>