<?xml version="1.0" encoding="utf-8"?><testsuites name="pytest tests"><testsuite name="pytest" errors="0" failures="0" skipped="0" tests="52" time="15.380" timestamp="2026-04-02T21:42:27.201895+00:00" hostname="agent-env-14edc0c5-2587-4767-a803-d861a16d3311"><testcase classname="backend.tests.test_facturepro_api.TestHealth" name="test_health_endpoint" time="0.185" /><testcase classname="backend.tests.test_facturepro_api.TestAuth" name="test_login_success" time="0.428" /><testcase classname="backend.tests.test_facturepro_api.TestAuth" name="test_login_invalid_credentials" time="0.165" /><testcase classname="backend.tests.test_facturepro_api.TestAuth" name="test_register_new_user" time="0.458" /><testcase classname="backend.tests.test_facturepro_api.TestAuth" name="test_register_duplicate_email" time="0.125" /><testcase classname="backend.tests.test_facturepro_api.TestAuth" name="test_forgot_password" time="0.117" /><testcase classname="backend.tests.test_facturepro_api.TestAuth" name="test_reset_password_invalid_token" time="0.086" /><testcase classname="backend.tests.test_facturepro_api.TestDashboard" name="test_get_dashboard_stats" time="0.729" /><testcase classname="backend.tests.test_facturepro_api.TestClients" name="test_get_clients" time="0.155" /><testcase classname="backend.tests.test_facturepro_api.TestClients" name="test_create_client" time="0.183" /><testcase classname="backend.tests.test_facturepro_api.TestClients" name="test_update_client" time="0.522" /><testcase classname="backend.tests.test_facturepro_api.TestClients" name="test_delete_client" time="0.495" /><testcase classname="backend.tests.test_facturepro_api.TestProducts" name="test_get_products" time="0.148" /><testcase classname="backend.tests.test_facturepro_api.TestProducts" name="test_create_product" time="0.185" /><testcase classname="backend.tests.test_facturepro_api.TestProducts" name="test_update_product" time="0.330" /><testcase classname="backend.tests.test_facturepro_api.TestProducts" name="test_delete_product" time="0.486" /><testcase classname="backend.tests.test_facturepro_api.TestInvoices" name="test_get_invoices" time="0.137" /><testcase classname="backend.tests.test_facturepro_api.TestInvoices" name="test_create_invoice_qc_taxes" time="0.169" /><testcase classname="backend.tests.test_facturepro_api.TestInvoices" name="test_create_invoice_on_taxes" time="0.193" /><testcase classname="backend.tests.test_facturepro_api.TestInvoices" name="test_update_invoice_status" time="0.467" /><testcase classname="backend.tests.test_facturepro_api.TestInvoices" name="test_delete_invoice" time="0.463" /><testcase classname="backend.tests.test_facturepro_api.TestQuotes" name="test_get_quotes" time="0.142" /><testcase classname="backend.tests.test_facturepro_api.TestQuotes" name="test_create_quote" time="0.171" /><testcase classname="backend.tests.test_facturepro_api.TestQuotes" name="test_convert_quote_to_invoice" time="0.577" /><testcase classname="backend.tests.test_facturepro_api.TestQuotes" name="test_delete_quote" time="0.516" /><testcase classname="backend.tests.test_facturepro_api.TestEmployees" name="test_get_employees" time="0.216" /><testcase classname="backend.tests.test_facturepro_api.TestEmployees" name="test_create_employee" time="0.177" /><testcase classname="backend.tests.test_facturepro_api.TestEmployees" name="test_update_employee" time="0.328" /><testcase classname="backend.tests.test_facturepro_api.TestEmployees" name="test_delete_employee" time="0.492" /><testcase classname="backend.tests.test_facturepro_api.TestExpenses" name="test_get_expenses" time="0.142" /><testcase classname="backend.tests.test_facturepro_api.TestExpenses" name="test_create_expense" time="0.155" /><testcase classname="backend.tests.test_facturepro_api.TestExpenses" name="test_update_expense_status" time="0.455" /><testcase classname="backend.tests.test_facturepro_api.TestExpenses" name="test_delete_expense" time="0.471" /><testcase classname="backend.tests.test_facturepro_api.TestSettings" name="test_get_company_settings" time="0.145" /><testcase classname="backend.tests.test_facturepro_api.TestSettings" name="test_update_company_settings" time="0.361" /><testcase classname="backend.tests.test_facturepro_api.TestCSVExport" name="test_export_invoices_csv" time="0.148" /><testcase classname="backend.tests.test_facturepro_api.TestCSVExport" name="test_export_expenses_csv" time="0.145" /><testcase classname="backend.tests.test_facturepro_api.TestQuoteStatusUpdate" name="test_update_quote_status" time="0.485" /><testcase classname="backend.tests.test_facturepro_api.TestQuoteStatusUpdate" name="test_update_quote_status_refused" time="0.317" /><testcase classname="backend.tests.test_facturepro_api.TestPDFGeneration" name="test_get_quote_pdf" time="0.862" /><testcase classname="backend.tests.test_facturepro_api.TestPDFGeneration" name="test_get_invoice_pdf" time="0.758" /><testcase classname="backend.tests.test_facturepro_api.TestPDFGeneration" name="test_quote_pdf_not_found" time="0.185" /><testcase classname="backend.tests.test_facturepro_api.TestPDFGeneration" name="test_invoice_pdf_not_found" time="0.148" /><testcase classname="backend.tests.test_facturepro_api.TestEmailSending" name="test_send_quote_email_missing_recipient" time="0.433" /><testcase classname="backend.tests.test_facturepro_api.TestEmailSending" name="test_send_invoice_email_missing_recipient" time="0.386" /><testcase classname="backend.tests.test_facturepro_api.TestEmailSending" name="test_send_quote_email_not_found" time="0.158" /><testcase classname="backend.tests.test_facturepro_api.TestEmailSending" name="test_send_invoice_email_not_found" time="0.160" /><testcase classname="backend.tests.test_facturepro_api.TestUnauthorizedAccess" name="test_clients_requires_auth" time="0.110" /><testcase classname="backend.tests.test_facturepro_api.TestUnauthorizedAccess" name="test_invoices_requires_auth" time="0.081" /><testcase classname="backend.tests.test_facturepro_api.TestUnauthorizedAccess" name="test_dashboard_requires_auth" time="0.086" /><testcase classname="backend.tests.test_facturepro_api.TestUnauthorizedAccess" name="test_quotes_pdf_requires_auth" time="0.098" /><testcase classname="backend.tests.test_facturepro_api.TestUnauthorizedAccess" name="test_invoices_pdf_requires_auth" time="0.089" /></testsuite></testsuites>