<?xml version="1.0" encoding="utf-8"?><testsuites name="pytest tests"><testsuite name="pytest" errors="0" failures="0" skipped="0" tests="12" time="6.986" timestamp="2026-04-03T19:00:52.345941+00:00" hostname="agent-env-742614cd-767a-4d3b-8e2a-274fbb38e07d"><testcase classname="backend.tests.test_stripe_subscription.TestAuthMeSubscription" name="test_exempt_user_login_success" time="0.570" /><testcase classname="backend.tests.test_stripe_subscription.TestAuthMeSubscription" name="test_auth_me_returns_active_for_exempt_user" time="0.618" /><testcase classname="backend.tests.test_stripe_subscription.TestSubscriptionCurrent" name="test_subscription_current_returns_active_for_exempt" time="0.703" /><testcase classname="backend.tests.test_stripe_subscription.TestSubscriptionCurrent" name="test_subscription_current_requires_auth" time="0.097" /><testcase classname="backend.tests.test_stripe_subscription.TestCreateCheckout" name="test_create_checkout_returns_stripe_url" time="1.049" /><testcase classname="backend.tests.test_stripe_subscription.TestCreateCheckout" name="test_create_checkout_requires_origin_url" time="0.485" /><testcase classname="backend.tests.test_stripe_subscription.TestCreateCheckout" name="test_create_checkout_requires_auth" time="0.080" /><testcase classname="backend.tests.test_stripe_subscription.TestCheckoutStatus" name="test_checkout_status_returns_info" time="1.350" /><testcase classname="backend.tests.test_stripe_subscription.TestCheckoutStatus" name="test_checkout_status_requires_auth" time="0.088" /><testcase classname="backend.tests.test_stripe_subscription.TestStripeWebhook" name="test_webhook_endpoint_exists" time="0.148" /><testcase classname="backend.tests.test_stripe_subscription.TestNewUserRegistration" name="test_register_new_user_gets_trial" time="0.446" /><testcase classname="backend.tests.test_stripe_subscription.TestPaymentTransactionsCollection" name="test_checkout_creates_payment_transaction" time="1.262" /></testsuite></testsuites>